<?xml version="1.0" encoding="UTF-8"?>
<testng-results ignored="0" total="1" passed="1" failed="0" skipped="0">
  <reporter-output>
  </reporter-output>
  <suite started-at="2023-07-28T19:30:24 GMT-05:00" name="Default suite" finished-at="2023-07-28T19:30:42 GMT-05:00" duration-ms="17665">
    <groups>
    </groups>
    <test started-at="2023-07-28T19:30:24 GMT-05:00" name="Default test" finished-at="2023-07-28T19:30:42 GMT-05:00" duration-ms="17665">
      <class name="test.AddCustomerTest">
        <test-method signature="userShouldBeAbleToAddCustomer()[pri:0, instance:test.AddCustomerTest@4bef0fe3]" started-at="2023-07-28T19:30:24 GMT-05:00" name="userShouldBeAbleToAddCustomer" finished-at="2023-07-28T19:30:42 GMT-05:00" duration-ms="17611" status="PASS">
          <reporter-output>
          </reporter-output>
        </test-method> <!-- userShouldBeAbleToAddCustomer -->
      </class> <!-- test.AddCustomerTest -->
    </test> <!-- Default test -->
  </suite> <!-- Default suite -->
</testng-results>
